<?xml version="1.0" encoding="UTF-8"?>
<!-- Generated by org.testng.reporters.JUnitReportReporter -->
<testsuite skipped="0" hostname="LHTU05CG7291XL0" name="orm.ormhr.testscenarios.Testcase2" tests="2" failures="0" timestamp="18 May 2019 11:21:05 GMT" time="48.460" errors="0">
  <testcase name="ResetDirectory" time="12.570" classname="orm.ormhr.testscenarios.Testcase2"/>
  <testcase name="SearchDirectory" time="35.890" classname="orm.ormhr.testscenarios.Testcase2"/>
</testsuite> <!-- orm.ormhr.testscenarios.Testcase2 -->
