<?xml version="1.0" encoding="UTF-8"?>
<!-- Generated by org.testng.reporters.JUnitReportReporter -->
<testsuite skipped="0" hostname="LHTU05CG7291XL0" name="orm.ormhr.testscenarios.Testcase3" tests="1" failures="0" timestamp="18 May 2019 13:46:20 GMT" time="6.508" errors="0">
  <testcase name="SelectCheckboxForEMP" time="6.508" classname="orm.ormhr.testscenarios.Testcase3"/>
</testsuite> <!-- orm.ormhr.testscenarios.Testcase3 -->
